<?xml version="1.0" encoding="UTF-8"?>
<!-- Generated by org.testng.reporters.JUnitReportReporter -->
<testsuite skipped="0" hostname="JAY-COMPUTER" name="com.parkingcalculator.test.BookingHotelRoomTest" tests="1" failures="0" timestamp="19 Feb 2019 00:11:33 GMT" time="47.730" errors="0">
  <testcase name="hotelReservation" time="47.730" classname="com.parkingcalculator.test.BookingHotelRoomTest"/>
</testsuite> <!-- com.parkingcalculator.test.BookingHotelRoomTest -->
