<?xml version="1.0" encoding="UTF-8"?>
<!-- Generated by org.testng.reporters.JUnitReportReporter -->
<testsuite skipped="0" hostname="JAY-COMPUTER" name="com.phptravel.test.BookingHotelRoomTest" tests="1" failures="0" timestamp="02 Jan 2019 00:01:17 GMT" time="12.360" errors="0">
  <testcase name="hotelReservation" time="12.360" classname="com.phptravel.test.BookingHotelRoomTest"/>
</testsuite> <!-- com.phptravel.test.BookingHotelRoomTest -->
